


[LOG] Mirroring logs to the standard output...






[LOG] Mirroring logs to the standard output...
[LOG] Mirroring logs to the standard output...



[LOG] Mirroring logs to the standard output...
[LOG] OS Name: Windows 7
[LOG] OS Version: 6.1
[LOG] OS Name: Windows 7
[LOG] Current Working Directory: D:\Program Files (x86)\Stencyl
[LOG] OS Version: 6.1
[LOG] OS Name: Windows 7
[LOG] OS Version: 6.1
[LOG] OS Name: Windows 7
[LOG] OS Version: 6.1
[LOG] Current Working Directory: D:\Program Files (x86)\Stencyl
[LOG] Current Working Directory: D:\Program Files (x86)\Stencyl
[LOG] Current Working Directory: D:\Program Files (x86)\Stencyl
[LOG] Initializing Stencyl
[LOG] Initializing Stencyl
[LOG] Initializing Stencyl
[LOG] Initializing Stencyl
[LOG] Loading engine extensions...
[LOG] Loading engine extensions...
[LOG] Loading engine extensions...
[LOG] Parsing engine extensions...
[LOG] ads is a core engine extension. Skip.
[LOG] ads is a core engine extension. Skip.
[LOG] gamecenter is a core engine extension. Skip.
[LOG] Parsing engine extensions...
[LOG] ads is a core engine extension. Skip.
[LOG] gamecenter is a core engine extension. Skip.
[LOG] Parsing engine extensions...
[LOG] ads is a core engine extension. Skip.
[LOG] gamecenter is a core engine extension. Skip.
[LOG] gestures is a core engine extension. Skip.
[LOG] gestures is a core engine extension. Skip.
[LOG] gestures is a core engine extension. Skip.
[LOG] gestures is a core engine extension. Skip.
[LOG] hypertouch is a core engine extension. Skip.
[LOG] hypertouch is a core engine extension. Skip.
[LOG] hypertouch is a core engine extension. Skip.
[LOG] hypertouch is a core engine extension. Skip.
[LOG] joystick is a core engine extension. Skip.
[LOG] joystick is a core engine extension. Skip.
[LOG] joystick is a core engine extension. Skip.
[LOG] label is an engine extension. Adding.
[LOG] native is a core engine extension. Skip.
[LOG] label is an engine extension. Adding.
[LOG] native is a core engine extension. Skip.
[LOG] label is an engine extension. Adding.
[LOG] native is a core engine extension. Skip.
[LOG] label is an engine extension. Adding.
[LOG] native is a core engine extension. Skip.
[LOG] purchases is a core engine extension. Skip.
[LOG] purchases is a core engine extension. Skip.
[LOG] purchases is a core engine extension. Skip.
[LOG] test is an engine extension. Adding.
[LOG] test is an engine extension. Adding.
[LOG] test is an engine extension. Adding.
[LOG] test is an engine extension. Adding.
[LOG] test-flash is an engine extension. Adding.
[LOG] test-native is an engine extension. Adding.
[LOG] test-native is an engine extension. Adding.
[LOG] test-native is an engine extension. Adding.
[LOG] test-native is an engine extension. Adding.
[LOG] tileapi is an engine extension. Adding.
[LOG] tileapi is an engine extension. Adding.
[LOG] tileapi is an engine extension. Adding.
[LOG] tileapi is an engine extension. Adding.
[LOG] Using Stencyl b7305
[LOG] Using Stencyl b7305
[LOG] Using Stencyl b7305
[LOG] Using Stencyl b7305
[LOG] Activated: Welcome Center
[LOG] Activated: Welcome Center
[LOG] Activated: Welcome Center
[LOG] Activated: Welcome Center
[LOG] Checking workspace writability and location: D:\Zil Docs\projects\stencylprojects\stencylworks\/temp
[LOG] Silent Authentication.
[LOG] Checking workspace writability and location: D:\Zil Docs\projects\stencylprojects\stencylworks\/temp
[LOG] Silent Authentication.
[LOG] Checking workspace writability and location: D:\Zil Docs\projects\stencylprojects\stencylworks\/temp
[LOG] Silent Authentication.
[LOG] Checking workspace writability and location: D:\Zil Docs\projects\stencylprojects\stencylworks\/temp
[LOG] Silent Authentication.
[LOG] Response: user:::plans0
[LOG] Response: user:::plans0
[LOG] Response: user:::plans0
[LOG] Response: user:::plans0
java.io.IOException: Access is denied
	at java.io.WinNTFileSystem.createFileExclusively(Native Method)
	at java.io.File.createNewFile(Unknown Source)
	at stencyl.sw.Session.writeAuthFile(Session.java:481)
	at stencyl.sw.app.tasks.AuthenticateTask.doInBackground(AuthenticateTask.java:145)
	at stencyl.sw.app.tasks.AuthenticateTask.doInBackground(AuthenticateTask.java:19)
	at org.jdesktop.swingworker.SwingWorker$1.call(Unknown Source)
	at java.util.concurrent.FutureTask$Sync.innerRun(Unknown Source)
	at java.util.concurrent.FutureTask.run(Unknown Source)
	at org.jdesktop.swingworker.SwingWorker.run(Unknown Source)
	at java.util.concurrent.ThreadPoolExecutor$Worker.runTask(Unknown Source)
	at java.util.concurrent.ThreadPoolExecutor$Worker.run(Unknown Source)
	at java.lang.Thread.run(Unknown Source)
java.io.FileNotFoundException: D:\Zil Docs\projects\stencylprojects\stencylworks\stencylworks\prefs\auth.txt (Access is denied)
	at java.io.FileOutputStream.open(Native Method)
	at java.io.FileOutputStream.<init>(Unknown Source)
	at java.io.FileOutputStream.<init>(Unknown Source)
	at java.io.FileWriter.<init>(Unknown Source)
	at stencyl.sw.util.Loader.writeLocalDictionary(Loader.java:384)
	at stencyl.sw.Session.writeAuthFile(Session.java:493)
	at stencyl.sw.app.tasks.AuthenticateTask.doInBackground(AuthenticateTask.java:145)
	at stencyl.sw.app.tasks.AuthenticateTask.doInBackground(AuthenticateTask.java:19)
	at org.jdesktop.swingworker.SwingWorker$1.call(Unknown Source)
	at java.util.concurrent.FutureTask$Sync.innerRun(Unknown Source)
	at java.util.concurrent.FutureTask.run(Unknown Source)
	at org.jdesktop.swingworker.SwingWorker.run(Unknown Source)
	at java.util.concurrent.ThreadPoolExecutor$Worker.runTask(Unknown Source)
	at java.util.concurrent.ThreadPoolExecutor$Worker.run(Unknown Source)
	at java.lang.Thread.run(Unknown Source)
[LOG] Logged in as: navyzil
[LOG] Usergroup: Registered
java.io.IOException: Access is denied
	at java.io.WinNTFileSystem.createFileExclusively(Native Method)
	at java.io.File.createNewFile(Unknown Source)
	at stencyl.sw.Session.writeAuthFile(Session.java:481)
	at stencyl.sw.app.tasks.AuthenticateTask.doInBackground(AuthenticateTask.java:145)
	at stencyl.sw.app.tasks.AuthenticateTask.doInBackground(AuthenticateTask.java:19)
	at org.jdesktop.swingworker.SwingWorker$1.call(Unknown Source)
	at java.util.concurrent.FutureTask$Sync.innerRun(Unknown Source)
	at java.util.concurrent.FutureTask.run(Unknown Source)
	at org.jdesktop.swingworker.SwingWorker.run(Unknown Source)
	at java.util.concurrent.ThreadPoolExecutor$Worker.runTask(Unknown Source)
	at java.util.concurrent.ThreadPoolExecutor$Worker.run(Unknown Source)
	at java.lang.Thread.run(Unknown Source)
[LOG] Logged in as: navyzil
[LOG] Logged in as: navyzil
[LOG] Usergroup: Registered
[LOG] Usergroup: Registered
java.io.IOException: Access is denied
	at java.io.WinNTFileSystem.createFileExclusively(Native Method)
	at java.io.File.createNewFile(Unknown Source)
	at stencyl.sw.Session.writeAuthFile(Session.java:481)
	at stencyl.sw.app.tasks.AuthenticateTask.doInBackground(AuthenticateTask.java:145)
	at stencyl.sw.app.tasks.AuthenticateTask.doInBackground(AuthenticateTask.java:19)
	at org.jdesktop.swingworker.SwingWorker$1.call(Unknown Source)
	at java.util.concurrent.FutureTask$Sync.innerRun(Unknown Source)
	at java.util.concurrent.FutureTask.run(Unknown Source)
	at org.jdesktop.swingworker.SwingWorker.run(Unknown Source)
	at java.util.concurrent.ThreadPoolExecutor$Worker.runTask(Unknown Source)
	at java.util.concurrent.ThreadPoolExecutor$Worker.run(Unknown Source)
	at java.lang.Thread.run(Unknown Source)
[LOG] Logged in as: navyzil
[LOG] Usergroup: Registered
[LOG] 200
[LOG] 200
[LOG] 200
[LOG] 200
[LOG] http://www.stencyl.com/sw/updater/getVersions/stencylworksBeta
[LOG] http://www.stencyl.com/sw/updater/getVersions/stencylworksBeta
[LOG] http://www.stencyl.com/sw/updater/getVersions/stencylworksBeta
[LOG] http://www.stencyl.com/sw/updater/getVersions/stencylworksBeta
[LOG] HTTP/1.1 200 OK
[LOG] HTTP/1.1 200 OK
<r>
<server status = '200' version = '1beta' time = '1299439687' />	<version required="true" build="502" name="2.2.0" month="06" day="22" year="12" />
	<version required="true" build="501" name="2.1.0" month="05" day="25" year="12" />
	<version required="true" build="500" name="2.0.0" month="04" day="20" year="12" />
	<version required="false" build="415" name="1.4.1" month="01" day="23" year="12" />
	<version required="false" build="414" name="1.4.0" month="01" day="22" year="12" />
	<version required="false" build="413" name="1.3.4" month="12" day="19" year="11" />
	<version required="false" build="412" name="1.3.3" month="12" day="14" year="11" />
	<version required="false" build="411" name="1.3.2" month="12" day="12" year="11" />
	<version required="false" build="410" name="1.3.1" month="12" day="10" year="11" />
	<version required="false" build="409" name="1.3.0" month="12" day="09" year="11" />
	<version required="false" build="408" name="1.2.1" month="10" day="27" year="11" />
	<version required="false" build="407" name="1.2.0" month="10" day="26" year="11" />
	<version required="false" build="406" name="1.1.1" month="09" day="13" year="11" />
	<version required="false" build="405" name="1.1.0" month="09" day="08" year="11" />
	<version required="false" build="404" name="1.0.4" month="07" day="23" year="11" />
	<version required="false" build="403" name="1.0.3" month="07" day="21" year="11" />
	<version required="false" build="402" name="1.0.2" month="06" day="30" year="11" />
	<version required="false" build="401" name="1.0.1" month="05" day="31" year="11" />
	<version required="false" build="400" name="1.0.0" month="05" day="18" year="11" />
	<version required="false" build="399" name="0.9.9" month="05" day="18" year="11" />
</r>
<r>
<server status = '200' version = '1beta' time = '1299439687' />	<version required="true" build="502" name="2.2.0" month="06" day="22" year="12" />
	<version required="true" build="501" name="2.1.0" month="05" day="25" year="12" />
	<version required="true" build="500" name="2.0.0" month="04" day="20" year="12" />
	<version required="false" build="415" name="1.4.1" month="01" day="23" year="12" />
	<version required="false" build="414" name="1.4.0" month="01" day="22" year="12" />
	<version required="false" build="413" name="1.3.4" month="12" day="19" year="11" />
	<version required="false" build="412" name="1.3.3" month="12" day="14" year="11" />
	<version required="false" build="411" name="1.3.2" month="12" day="12" year="11" />
	<version required="false" build="410" name="1.3.1" month="12" day="10" year="11" />
	<version required="false" build="409" name="1.3.0" month="12" day="09" year="11" />
	<version required="false" build="408" name="1.2.1" month="10" day="27" year="11" />
	<version required="false" build="407" name="1.2.0" month="10" day="26" year="11" />
	<version required="false" build="406" name="1.1.1" month="09" day="13" year="11" />
	<version required="false" build="405" name="1.1.0" month="09" day="08" year="11" />
	<version required="false" build="404" name="1.0.4" month="07" day="23" year="11" />
	<version required="false" build="403" name="1.0.3" month="07" day="21" year="11" />
	<version required="false" build="402" name="1.0.2" month="06" day="30" year="11" />
	<version required="false" build="401" name="1.0.1" month="05" day="31" year="11" />
	<version required="false" build="400" name="1.0.0" month="05" day="18" year="11" />
	<version required="false" build="399" name="0.9.9" month="05" day="18" year="11" />
</r>
[LOG] HTTP/1.1 200 OK
<r>
<server status = '200' version = '1beta' time = '1299439687' />	<version required="true" build="502" name="2.2.0" month="06" day="22" year="12" />
	<version required="true" build="501" name="2.1.0" month="05" day="25" year="12" />
	<version required="true" build="500" name="2.0.0" month="04" day="20" year="12" />
	<version required="false" build="415" name="1.4.1" month="01" day="23" year="12" />
	<version required="false" build="414" name="1.4.0" month="01" day="22" year="12" />
	<version required="false" build="413" name="1.3.4" month="12" day="19" year="11" />
	<version required="false" build="412" name="1.3.3" month="12" day="14" year="11" />
	<version required="false" build="411" name="1.3.2" month="12" day="12" year="11" />
	<version required="false" build="410" name="1.3.1" month="12" day="10" year="11" />
	<version required="false" build="409" name="1.3.0" month="12" day="09" year="11" />
	<version required="false" build="408" name="1.2.1" month="10" day="27" year="11" />
	<version required="false" build="407" name="1.2.0" month="10" day="26" year="11" />
	<version required="false" build="406" name="1.1.1" month="09" day="13" year="11" />
	<version required="false" build="405" name="1.1.0" month="09" day="08" year="11" />
	<version required="false" build="404" name="1.0.4" month="07" day="23" year="11" />
	<version required="false" build="403" name="1.0.3" month="07" day="21" year="11" />
	<version required="false" build="402" name="1.0.2" month="06" day="30" year="11" />
	<version required="false" build="401" name="1.0.1" month="05" day="31" year="11" />
	<version required="false" build="400" name="1.0.0" month="05" day="18" year="11" />
	<version required="false" build="399" name="0.9.9" month="05" day="18" year="11" />
</r>
[LOG] HTTP/1.1 200 OK
<r>
<server status = '200' version = '1beta' time = '1299439687' />	<version required="true" build="502" name="2.2.0" month="06" day="22" year="12" />
	<version required="true" build="501" name="2.1.0" month="05" day="25" year="12" />
	<version required="true" build="500" name="2.0.0" month="04" day="20" year="12" />
	<version required="false" build="415" name="1.4.1" month="01" day="23" year="12" />
	<version required="false" build="414" name="1.4.0" month="01" day="22" year="12" />
	<version required="false" build="413" name="1.3.4" month="12" day="19" year="11" />
	<version required="false" build="412" name="1.3.3" month="12" day="14" year="11" />
	<version required="false" build="411" name="1.3.2" month="12" day="12" year="11" />
	<version required="false" build="410" name="1.3.1" month="12" day="10" year="11" />
	<version required="false" build="409" name="1.3.0" month="12" day="09" year="11" />
	<version required="false" build="408" name="1.2.1" month="10" day="27" year="11" />
	<version required="false" build="407" name="1.2.0" month="10" day="26" year="11" />
	<version required="false" build="406" name="1.1.1" month="09" day="13" year="11" />
	<version required="false" build="405" name="1.1.0" month="09" day="08" year="11" />
	<version required="false" build="404" name="1.0.4" month="07" day="23" year="11" />
	<version required="false" build="403" name="1.0.3" month="07" day="21" year="11" />
	<version required="false" build="402" name="1.0.2" month="06" day="30" year="11" />
	<version required="false" build="401" name="1.0.1" month="05" day="31" year="11" />
	<version required="false" build="400" name="1.0.0" month="05" day="18" year="11" />
	<version required="false" build="399" name="0.9.9" month="05" day="18" year="11" />
</r>
[LOG] Attempting to quit out of Stencyl.
[LOG] Attempting to quit out of Stencyl.
[LOG] Attempting to quit out of Stencyl.
[LOG] Attempting to quit out of Stencyl.
[LOG] Destroying extensions.
[LOG] Destroying extensions.
[LOG] Destroying Temporary Sandbox.
[LOG] Destroying Temporary Sandbox.
[LOG] Performing final close.
[LOG] Destroying extensions.
[LOG] Destroying Temporary Sandbox.
[LOG] Performing final close.
[LOG] Performing final close.
[LOG] Destroying extensions.
[LOG] Destroying Temporary Sandbox.
[LOG] Performing final close.
[LOG] Exiting...
[LOG] Exiting...
[LOG] Exiting...
[LOG] Exiting...
