


[LOG] Mirroring logs to the standard output...
[LOG] OS Name: Windows 7
[LOG] OS Version: 6.1
[LOG] Current Working Directory: D:\Program Files (x86)\Stencyl
[LOG] Initializing Stencyl
[LOG] Loading engine extensions...
[LOG] Parsing engine extensions...
[LOG] ads is a core engine extension. Skip.
[LOG] gamecenter is a core engine extension. Skip.
[LOG] gestures is a core engine extension. Skip.
[LOG] hypertouch is a core engine extension. Skip.
[LOG] joystick is a core engine extension. Skip.
[LOG] label is an engine extension. Adding.
[LOG] native is a core engine extension. Skip.
[LOG] purchases is a core engine extension. Skip.
[LOG] test is an engine extension. Adding.
[LOG] test-flash is an engine extension. Adding.
[LOG] test-native is an engine extension. Adding.
[LOG] tileapi is an engine extension. Adding.
[LOG] Using Stencyl b7305
[LOG] Activated: Welcome Center
[LOG] Checking workspace writability and location: C:\Users\dustin\AppData\Roaming\Stencyl\/temp
[LOG] Silent Authentication.
[LOG] Response: user:::plans0
[LOG] Logged in as: navyzil
[LOG] Usergroup: Registered
[LOG] 200
[LOG] http://www.stencyl.com/sw/updater/getVersions/stencylworksBeta
[LOG] HTTP/1.1 200 OK
<r>
<server status = '200' version = '1beta' time = '1299439687' />	<version required="true" build="502" name="2.2.0" month="06" day="22" year="12" />
	<version required="true" build="501" name="2.1.0" month="05" day="25" year="12" />
	<version required="true" build="500" name="2.0.0" month="04" day="20" year="12" />
	<version required="false" build="415" name="1.4.1" month="01" day="23" year="12" />
	<version required="false" build="414" name="1.4.0" month="01" day="22" year="12" />
	<version required="false" build="413" name="1.3.4" month="12" day="19" year="11" />
	<version required="false" build="412" name="1.3.3" month="12" day="14" year="11" />
	<version required="false" build="411" name="1.3.2" month="12" day="12" year="11" />
	<version required="false" build="410" name="1.3.1" month="12" day="10" year="11" />
	<version required="false" build="409" name="1.3.0" month="12" day="09" year="11" />
	<version required="false" build="408" name="1.2.1" month="10" day="27" year="11" />
	<version required="false" build="407" name="1.2.0" month="10" day="26" year="11" />
	<version required="false" build="406" name="1.1.1" month="09" day="13" year="11" />
	<version required="false" build="405" name="1.1.0" month="09" day="08" year="11" />
	<version required="false" build="404" name="1.0.4" month="07" day="23" year="11" />
	<version required="false" build="403" name="1.0.3" month="07" day="21" year="11" />
	<version required="false" build="402" name="1.0.2" month="06" day="30" year="11" />
	<version required="false" build="401" name="1.0.1" month="05" day="31" year="11" />
	<version required="false" build="400" name="1.0.0" month="05" day="18" year="11" />
	<version required="false" build="399" name="0.9.9" month="05" day="18" year="11" />
</r>
[LOG] Action: Preferences...
[LOG] Choose Folder...
[LOG] Could not save proxy settings. Skipping.
[LOG] The Stencyl workspace is: C:\Users\dustin\AppData\Roaming\Stencyl\
[LOG] The Stencyl workspace is being set to: D:\Zil Docs\projects\stencylprojects\stencylworks\
[LOG] Copy directory from: C:\Users\dustin\AppData\Roaming\Stencyl\stencylworks\prefs to: D:\Zil Docs\projects\stencylprojects\stencylworks\stencylworks\prefs
[LOG] Copy Duration: 66
[LOG] Copy directory from: C:\Users\dustin\AppData\Roaming\Stencyl\stencylworks\games to: D:\Zil Docs\projects\stencylprojects\stencylworks\stencylworks\games
[LOG] Copy directory from: C:\Users\dustin\AppData\Roaming\Stencyl\stencylworks\games\Basic Match 3 Kit to: D:\Zil Docs\projects\stencylprojects\stencylworks\stencylworks\games\Basic Match 3 Kit
[LOG] Copy directory from: C:\Users\dustin\AppData\Roaming\Stencyl\stencylworks\games\Basic Match 3 Kit\behavior-hx to: D:\Zil Docs\projects\stencylprojects\stencylworks\stencylworks\games\Basic Match 3 Kit\behavior-hx
[LOG] Copy Duration: 66
[LOG] Copy directory from: C:\Users\dustin\AppData\Roaming\Stencyl\stencylworks\games\Basic Match 3 Kit\hx to: D:\Zil Docs\projects\stencylprojects\stencylworks\stencylworks\games\Basic Match 3 Kit\hx
[LOG] Copy Duration: 61
[LOG] Copy directory from: C:\Users\dustin\AppData\Roaming\Stencyl\stencylworks\games\Basic Match 3 Kit\libraries to: D:\Zil Docs\projects\stencylprojects\stencylworks\stencylworks\games\Basic Match 3 Kit\libraries
[LOG] Copy directory from: C:\Users\dustin\AppData\Roaming\Stencyl\stencylworks\games\Basic Match 3 Kit\libraries\flash to: D:\Zil Docs\projects\stencylprojects\stencylworks\stencylworks\games\Basic Match 3 Kit\libraries\flash
[LOG] Copy Duration: 0
[LOG] Copy directory from: C:\Users\dustin\AppData\Roaming\Stencyl\stencylworks\games\Basic Match 3 Kit\libraries\ios to: D:\Zil Docs\projects\stencylprojects\stencylworks\stencylworks\games\Basic Match 3 Kit\libraries\ios
[LOG] Copy Duration: 0
[LOG] Copy Duration: 3
[LOG] Copy directory from: C:\Users\dustin\AppData\Roaming\Stencyl\stencylworks\games\Basic Match 3 Kit\linked to: D:\Zil Docs\projects\stencylprojects\stencylworks\stencylworks\games\Basic Match 3 Kit\linked
[LOG] Copy Duration: 2
[LOG] Copy directory from: C:\Users\dustin\AppData\Roaming\Stencyl\stencylworks\games\Basic Match 3 Kit\resources to: D:\Zil Docs\projects\stencylprojects\stencylworks\stencylworks\games\Basic Match 3 Kit\resources
[LOG] Copy Duration: 175
[LOG] Copy directory from: C:\Users\dustin\AppData\Roaming\Stencyl\stencylworks\games\Basic Match 3 Kit\scenes to: D:\Zil Docs\projects\stencylprojects\stencylworks\stencylworks\games\Basic Match 3 Kit\scenes
[LOG] Copy Duration: 21
[LOG] Copy directory from: C:\Users\dustin\AppData\Roaming\Stencyl\stencylworks\games\Basic Match 3 Kit\snippets to: D:\Zil Docs\projects\stencylprojects\stencylworks\stencylworks\games\Basic Match 3 Kit\snippets
[LOG] Copy Duration: 97
[LOG] Copy Duration: 495
[LOG] Copy directory from: C:\Users\dustin\AppData\Roaming\Stencyl\stencylworks\games\JumpAndRunKit to: D:\Zil Docs\projects\stencylprojects\stencylworks\stencylworks\games\JumpAndRunKit
[LOG] Copy directory from: C:\Users\dustin\AppData\Roaming\Stencyl\stencylworks\games\JumpAndRunKit\behavior-hx to: D:\Zil Docs\projects\stencylprojects\stencylworks\stencylworks\games\JumpAndRunKit\behavior-hx
[LOG] Copy Duration: 79
[LOG] Copy directory from: C:\Users\dustin\AppData\Roaming\Stencyl\stencylworks\games\JumpAndRunKit\libraries to: D:\Zil Docs\projects\stencylprojects\stencylworks\stencylworks\games\JumpAndRunKit\libraries
[LOG] Copy directory from: C:\Users\dustin\AppData\Roaming\Stencyl\stencylworks\games\JumpAndRunKit\libraries\flash to: D:\Zil Docs\projects\stencylprojects\stencylworks\stencylworks\games\JumpAndRunKit\libraries\flash
[LOG] Copy Duration: 1
[LOG] Copy directory from: C:\Users\dustin\AppData\Roaming\Stencyl\stencylworks\games\JumpAndRunKit\libraries\ios to: D:\Zil Docs\projects\stencylprojects\stencylworks\stencylworks\games\JumpAndRunKit\libraries\ios
[LOG] Copy Duration: 0
[LOG] Copy Duration: 4
[LOG] Copy directory from: C:\Users\dustin\AppData\Roaming\Stencyl\stencylworks\games\JumpAndRunKit\linked to: D:\Zil Docs\projects\stencylprojects\stencylworks\stencylworks\games\JumpAndRunKit\linked
[LOG] Copy Duration: 3
[LOG] Copy directory from: C:\Users\dustin\AppData\Roaming\Stencyl\stencylworks\games\JumpAndRunKit\resources to: D:\Zil Docs\projects\stencylprojects\stencylworks\stencylworks\games\JumpAndRunKit\resources
[LOG] Copy Duration: 172
[LOG] Copy directory from: C:\Users\dustin\AppData\Roaming\Stencyl\stencylworks\games\JumpAndRunKit\scenes to: D:\Zil Docs\projects\stencylprojects\stencylworks\stencylworks\games\JumpAndRunKit\scenes
[LOG] Copy Duration: 11
[LOG] Copy directory from: C:\Users\dustin\AppData\Roaming\Stencyl\stencylworks\games\JumpAndRunKit\snippets to: D:\Zil Docs\projects\stencylprojects\stencylworks\stencylworks\games\JumpAndRunKit\snippets
[LOG] Copy Duration: 175
[LOG] Copy Duration: 551
[LOG] Copy directory from: C:\Users\dustin\AppData\Roaming\Stencyl\stencylworks\games\Original Crash Course Kit to: D:\Zil Docs\projects\stencylprojects\stencylworks\stencylworks\games\Original Crash Course Kit
[LOG] Copy directory from: C:\Users\dustin\AppData\Roaming\Stencyl\stencylworks\games\Original Crash Course Kit\behavior-hx to: D:\Zil Docs\projects\stencylprojects\stencylworks\stencylworks\games\Original Crash Course Kit\behavior-hx
[LOG] Copy Duration: 125
[LOG] Copy directory from: C:\Users\dustin\AppData\Roaming\Stencyl\stencylworks\games\Original Crash Course Kit\linked to: D:\Zil Docs\projects\stencylprojects\stencylworks\stencylworks\games\Original Crash Course Kit\linked
[LOG] Copy Duration: 1
[LOG] Copy directory from: C:\Users\dustin\AppData\Roaming\Stencyl\stencylworks\games\Original Crash Course Kit\resources to: D:\Zil Docs\projects\stencylprojects\stencylworks\stencylworks\games\Original Crash Course Kit\resources
[LOG] Copy Duration: 121
[LOG] Copy directory from: C:\Users\dustin\AppData\Roaming\Stencyl\stencylworks\games\Original Crash Course Kit\scenes to: D:\Zil Docs\projects\stencylprojects\stencylworks\stencylworks\games\Original Crash Course Kit\scenes
[LOG] Copy Duration: 66
[LOG] Copy directory from: C:\Users\dustin\AppData\Roaming\Stencyl\stencylworks\games\Original Crash Course Kit\snippets to: D:\Zil Docs\projects\stencylprojects\stencylworks\stencylworks\games\Original Crash Course Kit\snippets
[LOG] Copy Duration: 135
[LOG] Copy Duration: 524
[LOG] Copy directory from: C:\Users\dustin\AppData\Roaming\Stencyl\stencylworks\games\ProjectPolska to: D:\Zil Docs\projects\stencylprojects\stencylworks\stencylworks\games\ProjectPolska
[LOG] Copy directory from: C:\Users\dustin\AppData\Roaming\Stencyl\stencylworks\games\ProjectPolska\behavior-hx to: D:\Zil Docs\projects\stencylprojects\stencylworks\stencylworks\games\ProjectPolska\behavior-hx
[LOG] Copy Duration: 254
[LOG] Copy directory from: C:\Users\dustin\AppData\Roaming\Stencyl\stencylworks\games\ProjectPolska\linked to: D:\Zil Docs\projects\stencylprojects\stencylworks\stencylworks\games\ProjectPolska\linked
[LOG] Copy Duration: 3
[LOG] Copy directory from: C:\Users\dustin\AppData\Roaming\Stencyl\stencylworks\games\ProjectPolska\resources to: D:\Zil Docs\projects\stencylprojects\stencylworks\stencylworks\games\ProjectPolska\resources
[LOG] Copy Duration: 198
[LOG] Copy directory from: C:\Users\dustin\AppData\Roaming\Stencyl\stencylworks\games\ProjectPolska\scenes to: D:\Zil Docs\projects\stencylprojects\stencylworks\stencylworks\games\ProjectPolska\scenes
[LOG] Copy Duration: 50
[LOG] Copy directory from: C:\Users\dustin\AppData\Roaming\Stencyl\stencylworks\games\ProjectPolska\snippets to: D:\Zil Docs\projects\stencylprojects\stencylworks\stencylworks\games\ProjectPolska\snippets
[LOG] Copy Duration: 424
[LOG] Copy Duration: 1024
[LOG] Copy Duration: 2598
[LOG] Copy directory from: C:\Users\dustin\AppData\Roaming\Stencyl\stencylworks\logs to: D:\Zil Docs\projects\stencylprojects\stencylworks\stencylworks\logs
